[22:23:52] [ServerMain/INFO]: Environment: Environment[sessionHost=https://sessionserver.mojang.com, servicesHost=https://api.minecraftservices.com, name=PROD]
[22:23:54] [ServerMain/INFO]: Loaded 1174 recipes
[22:23:54] [ServerMain/INFO]: Loaded 1271 advancements
[22:23:54] [Server thread/INFO]: Starting minecraft server version 1.20.4
[22:23:54] [Server thread/INFO]: Loading properties
[22:23:54] [Server thread/INFO]: This server is running Paper version git-Paper-435 (MC: 1.20.4) (Implementing API version 1.20.4-R0.1-SNAPSHOT) (Git: 681bbff)
[22:23:54] [Server thread/INFO]: Server Ping Player Sample Count: 12
[22:23:54] [Server thread/INFO]: Using 4 threads for Netty based IO
[22:23:55] [Server thread/WARN]: [!] The timings profiler has been enabled but has been scheduled for removal from Paper in the future.
    We recommend installing the spark profiler as a replacement: https://spark.lucko.me/
    For more information please visit: https://github.com/PaperMC/Paper/issues/8948
[22:23:55] [Server thread/INFO]: [ChunkTaskScheduler] Chunk system is using 1 I/O threads, 4 worker threads, and gen parallelism of 4 threads
[22:23:55] [Server thread/INFO]: Default game type: SURVIVAL
[22:23:55] [Server thread/INFO]: Generating keypair
[22:23:55] [Server thread/INFO]: Starting Minecraft server on *:25565
[22:23:55] [Server thread/INFO]: Using default channel type
[22:23:55] [Server thread/INFO]: Paper: Using Java compression from Velocity.
[22:23:55] [Server thread/INFO]: Paper: Using Java cipher from Velocity.
[22:23:55] [Server thread/INFO]: [UndefinedCombat] Loading server plugin UndefinedCombat v${version}
[22:23:55] [Server thread/INFO]: Loading UndefinedCombat
[22:23:55] [Server thread/INFO]: Server permissions file permissions.yml is empty, ignoring it
[22:23:55] [Server thread/INFO]: Preparing level "world"
[22:23:55] [Server thread/INFO]: Preparing start region for dimension minecraft:overworld
[22:23:55] [Server thread/INFO]: Time elapsed: 208 ms
[22:23:55] [Server thread/INFO]: Preparing start region for dimension minecraft:the_nether
[22:23:57] [Server thread/INFO]: Time elapsed: 1104 ms
[22:23:57] [Server thread/INFO]: Preparing start region for dimension minecraft:the_end
[22:23:57] [Server thread/INFO]: Time elapsed: 57 ms
[22:23:57] [Server thread/INFO]: [UndefinedCombat] Enabling UndefinedCombat v${version}
[22:23:57] [Server thread/INFO]: Running delayed init tasks
[22:23:57] [Server thread/INFO]: Done (2.738s)! For help, type "help"
[22:23:57] [Server thread/INFO]: Timings Reset
[22:24:00] [User Authenticator #0/INFO]: UUID of player TheRedMagic is c46d2c49-5de2-48aa-9d50-bdb694491eb4
[22:24:00] [Server thread/INFO]: TheRedMagic joined the game
[22:24:00] [Server thread/INFO]: TheRedMagic[/127.0.0.1:55412] logged in with entity id 143 at ([world]-287.97458703041866, 82.0, 130.59687415403735)
[22:24:02] [Server thread/INFO]: TheRedMagic issued server command: /admincombat
[22:24:05] [Server thread/INFO]: Unknown command. Type "/help" for help.
[22:24:05] [Server thread/INFO]: Unknown command. Type "/help" for help.
[22:24:05] [Server thread/INFO]: Unknown command. Type "/help" for help.
[22:24:05] [Server thread/INFO]: Unknown command. Type "/help" for help.
[22:24:05] [Server thread/INFO]: Unknown command. Type "/help" for help.
[22:24:05] [Server thread/INFO]: Unknown command. Type "/help" for help.
[22:24:05] [Server thread/INFO]: Unknown command. Type "/help" for help.
[22:24:05] [Server thread/INFO]: Unknown command. Type "/help" for help.
